# JRE version: Java(TM) SE Runtime Environment (8.0_144-b01) (build 1.8.0_144-b01)
# Java VM: Java HotSpot(TM) 64-Bit Server VM (25.144-b01 mixed mode bsd-amd64 compressed oops)
Heap:
 PSYoungGen      total 31744K, used 407K [0x0000000795580000, 0x0000000797800000, 0x00000007c0000000)
  eden space 31232K, 1% used [0x0000000795580000,0x00000007955e5cc8,0x0000000797400000)
  from space 512K, 0% used [0x0000000797780000,0x0000000797780000,0x0000000797800000)
  to   space 2048K, 0% used [0x0000000797400000,0x0000000797400000,0x0000000797600000)
 ParOldGen       total 287232K, used 205788K [0x0000000740000000, 0x0000000751880000, 0x0000000795580000)
  object space 287232K, 71% used [0x0000000740000000,0x000000074c8f7140,0x0000000751880000)
 Metaspace       used 12265K, capacity 13240K, committed 13440K, reserved 1060864K
  class space    used 1434K, capacity 1845K, committed 1920K, reserved 1048576K
GC Heap History (10 events):
Event: 1979.214 GC heap before
{Heap before GC invocations=13 (full 6):
 PSYoungGen      total 32768K, used 18161K [0x0000000795580000, 0x0000000797980000, 0x00000007c0000000)
  eden space 32256K, 56% used [0x0000000795580000,0x000000079673c5f0,0x0000000797500000)
  from space 512K, 0% used [0x0000000797900000,0x0000000797900000,0x0000000797980000)
  to   space 2048K, 0% used [0x0000000797580000,0x0000000797580000,0x0000000797780000)
 ParOldGen       total 175104K, used 95881K [0x0000000740000000, 0x000000074ab00000, 0x0000000795580000)
  object space 175104K, 54% used [0x0000000740000000,0x0000000745da2758,0x000000074ab00000)
 Metaspace       used 11801K, capacity 12618K, committed 12800K, reserved 1060864K
  class space    used 1382K, capacity 1681K, committed 1792K, reserved 1048576K
Event: 1979.231 GC heap after
Heap after GC invocations=13 (full 6):
 PSYoungGen      total 33792K, used 192K [0x0000000795580000, 0x0000000797980000, 0x00000007c0000000)
  eden space 31744K, 0% used [0x0000000795580000,0x0000000795580000,0x0000000797480000)
  from space 2048K, 9% used [0x0000000797580000,0x00000007975b0000,0x0000000797780000)
  to   space 2048K, 0% used [0x0000000797780000,0x0000000797780000,0x0000000797980000)
 ParOldGen       total 175104K, used 142764K [0x0000000740000000, 0x000000074ab00000, 0x0000000795580000)
  object space 175104K, 81% used [0x0000000740000000,0x0000000748b6b388,0x000000074ab00000)
 Metaspace       used 11801K, capacity 12618K, committed 12800K, reserved 1060864K
  class space    used 1382K, capacity 1681K, committed 1792K, reserved 1048576K
}
Event: 1979.231 GC heap before
{Heap before GC invocations=14 (full 7):
 PSYoungGen      total 33792K, used 192K [0x0000000795580000, 0x0000000797980000, 0x00000007c0000000)
  eden space 31744K, 0% used [0x0000000795580000,0x0000000795580000,0x0000000797480000)
  from space 2048K, 9% used [0x0000000797580000,0x00000007975b0000,0x0000000797780000)
  to   space 2048K, 0% used [0x0000000797780000,0x0000000797780000,0x0000000797980000)
 ParOldGen       total 175104K, used 142764K [0x0000000740000000, 0x000000074ab00000, 0x0000000795580000)
  object space 175104K, 81% used [0x0000000740000000,0x0000000748b6b388,0x000000074ab00000)
 Metaspace       used 11801K, capacity 12618K, committed 12800K, reserved 1060864K
  class space    used 1382K, capacity 1681K, committed 1792K, reserved 1048576K
Event: 1979.243 GC heap after
Heap after GC invocations=14 (full 7):
 PSYoungGen      total 33792K, used 0K [0x0000000795580000, 0x0000000797980000, 0x00000007c0000000)
  eden space 31744K, 0% used [0x0000000795580000,0x0000000795580000,0x0000000797480000)
  from space 2048K, 0% used [0x0000000797580000,0x0000000797580000,0x0000000797780000)
  to   space 2048K, 0% used [0x0000000797780000,0x0000000797780000,0x0000000797980000)
 ParOldGen       total 190464K, used 111602K [0x0000000740000000, 0x000000074ba00000, 0x0000000795580000)
  object space 190464K, 58% used [0x0000000740000000,0x0000000746cfcb58,0x000000074ba00000)
 Metaspace       used 11793K, capacity 12606K, committed 12800K, reserved 1060864K
  class space    used 1379K, capacity 1675K, committed 1792K, reserved 1048576K
}
Event: 2115.941 GC heap before
{Heap before GC invocations=15 (full 7):
 PSYoungGen      total 33792K, used 25821K [0x0000000795580000, 0x0000000797980000, 0x00000007c0000000)
  eden space 31744K, 81% used [0x0000000795580000,0x0000000796eb74b8,0x0000000797480000)
  from space 2048K, 0% used [0x0000000797580000,0x0000000797580000,0x0000000797780000)
  to   space 2048K, 0% used [0x0000000797780000,0x0000000797780000,0x0000000797980000)
 ParOldGen       total 190464K, used 111602K [0x0000000740000000, 0x000000074ba00000, 0x0000000795580000)
  object space 190464K, 58% used [0x0000000740000000,0x0000000746cfcb58,0x000000074ba00000)
 Metaspace       used 11861K, capacity 12606K, committed 12800K, reserved 1060864K
  class space    used 1385K, capacity 1675K, committed 1792K, reserved 1048576K
Event: 2115.960 GC heap after
Heap after GC invocations=15 (full 7):
 PSYoungGen      total 31744K, used 160K [0x0000000795580000, 0x0000000797800000, 0x00000007c0000000)
  eden space 31232K, 0% used [0x0000000795580000,0x0000000795580000,0x0000000797400000)
  from space 512K, 31% used [0x0000000797780000,0x00000007977a8000,0x0000000797800000)
  to   space 2048K, 0% used [0x0000000797400000,0x0000000797400000,0x0000000797600000)
 ParOldGen       total 190464K, used 166577K [0x0000000740000000, 0x000000074ba00000, 0x0000000795580000)
  object space 190464K, 87% used [0x0000000740000000,0x000000074a2ac798,0x000000074ba00000)
 Metaspace       used 11861K, capacity 12606K, committed 12800K, reserved 1060864K
  class space    used 1385K, capacity 1675K, committed 1792K, reserved 1048576K
}
Event: 2115.960 GC heap before
{Heap before GC invocations=16 (full 8):
 PSYoungGen      total 31744K, used 160K [0x0000000795580000, 0x0000000797800000, 0x00000007c0000000)
  eden space 31232K, 0% used [0x0000000795580000,0x0000000795580000,0x0000000797400000)
  from space 512K, 31% used [0x0000000797780000,0x00000007977a8000,0x0000000797800000)
  to   space 2048K, 0% used [0x0000000797400000,0x0000000797400000,0x0000000797600000)
 ParOldGen       total 190464K, used 166577K [0x0000000740000000, 0x000000074ba00000, 0x0000000795580000)
  object space 190464K, 87% used [0x0000000740000000,0x000000074a2ac798,0x000000074ba00000)
 Metaspace       used 11861K, capacity 12606K, committed 12800K, reserved 1060864K
  class space    used 1385K, capacity 1675K, committed 1792K, reserved 1048576K
Event: 2115.971 GC heap after
Heap after GC invocations=16 (full 8):
 PSYoungGen      total 31744K, used 0K [0x0000000795580000, 0x0000000797800000, 0x00000007c0000000)
  eden space 31232K, 0% used [0x0000000795580000,0x0000000795580000,0x0000000797400000)
  from space 512K, 0% used [0x0000000797780000,0x0000000797780000,0x0000000797800000)
  to   space 2048K, 0% used [0x0000000797400000,0x0000000797400000,0x0000000797600000)
 ParOldGen       total 217088K, used 135346K [0x0000000740000000, 0x000000074d400000, 0x0000000795580000)
  object space 217088K, 62% used [0x0000000740000000,0x000000074842c920,0x000000074d400000)
 Metaspace       used 11861K, capacity 12606K, committed 12800K, reserved 1060864K
  class space    used 1385K, capacity 1675K, committed 1792K, reserved 1048576K
}
Event: 2971.146 GC heap before
{Heap before GC invocations=17 (full 9):
 PSYoungGen      total 31744K, used 31232K [0x0000000795580000, 0x0000000797800000, 0x00000007c0000000)
  eden space 31232K, 100% used [0x0000000795580000,0x0000000797400000,0x0000000797400000)
  from space 512K, 0% used [0x0000000797780000,0x0000000797780000,0x0000000797800000)
  to   space 2048K, 0% used [0x0000000797400000,0x0000000797400000,0x0000000797600000)
 ParOldGen       total 217088K, used 197846K [0x0000000740000000, 0x000000074d400000, 0x0000000795580000)
  object space 217088K, 91% used [0x0000000740000000,0x000000074c135960,0x000000074d400000)
 Metaspace       used 12264K, capacity 13240K, committed 13440K, reserved 1060864K
  class space    used 1434K, capacity 1845K, committed 1920K, reserved 1048576K
Event: 2971.174 GC heap after
Heap after GC invocations=17 (full 9):
 PSYoungGen      total 31744K, used 0K [0x0000000795580000, 0x0000000797800000, 0x00000007c0000000)
  eden space 31232K, 0% used [0x0000000795580000,0x0000000795580000,0x0000000797400000)
  from space 512K, 0% used [0x0000000797780000,0x0000000797780000,0x0000000797800000)
  to   space 2048K, 0% used [0x0000000797400000,0x0000000797400000,0x0000000797600000)
 ParOldGen       total 287232K, used 205788K [0x0000000740000000, 0x0000000751880000, 0x0000000795580000)
  object space 287232K, 71% used [0x0000000740000000,0x000000074c8f7140,0x0000000751880000)
 Metaspace       used 12264K, capacity 13240K, committed 13440K, reserved 1060864K
  class space    used 1434K, capacity 1845K, committed 1920K, reserved 1048576K
}

